<?xml version="1.0" encoding="UTF-8"?>
<!-- Generated by org.testng.reporters.JUnitReportReporter -->
<testsuite skipped="0" hostname="IN01LAP00082" name="pageTestsLibrary.LoginPageTests" tests="3" failures="0" timestamp="17 Dec 2018 04:26:35 GMT" time="27.559" errors="0">
  <testcase name="verifyLoginPageLogo" time="7.126" classname="pageTestsLibrary.LoginPageTests"/>
  <testcase name="loginWithValidCredentials" time="11.515" classname="pageTestsLibrary.LoginPageTests"/>
  <testcase name="loginWithInvalidCredentials" time="8.918" classname="pageTestsLibrary.LoginPageTests"/>
</testsuite> <!-- pageTestsLibrary.LoginPageTests -->
